{"/Users/joshuacrawford/Desktop/data-vizualization/frontend/utils/math.js": {"path":"/Users/joshuacrawford/Desktop/data-vizualization/frontend/utils/math.js","statementMap":{"0":{"start":{"line":1,"column":10},"end":{"line":1,"column":15}},"1":{"start":{"line":2,"column":10},"end":{"line":2,"column":15}},"2":{"start":{"line":3,"column":10},"end":{"line":3,"column":15}},"3":{"start":{"line":5,"column":0},"end":{"line":5,"column":26}}},"fnMap":{},"branchMap":{},"s":{"0":1,"1":1,"2":1,"3":1},"f":{},"b":{},"_coverageSchema":"1a1c01bbd47fc00a2c39e90264f33305004495a9","hash":"21d0f18f6507e1aadc62ba4f0c2a86cfe2529946"}
}
